<?xml version="1.0" encoding="UTF-8"?>
<Site BuildName="(empty)"
	BuildStamp="20240419-1257-Experimental"
	Name="(empty)"
	Generator="ctest-3.25.2"
	CompilerName=""
	CompilerVersion=""
	OSName="Windows"
	Hostname="Bartek"
	OSRelease=" Personal"
	OSVersion=" (Build 22631)"
	OSPlatform="AMD64"
	Is64Bits="1"
	VendorString="GenuineIntel"
	VendorID="Intel Corporation"
	FamilyID="6"
	ModelID="12"
	ProcessorCacheSize="-1"
	NumberOfLogicalCPU="8"
	NumberOfPhysicalCPU="4"
	TotalVirtualMemory="17102"
	TotalPhysicalMemory="16078"
	LogicalProcessorsPerPhysical="2"
	ProcessorClockFrequency="2419"
	>
	<Testing>
		<StartDateTime>Apr 19 14:57 [NON-UTF-8-BYTE-0x8C]rodkowoeuropejski czas letni</StartDateTime>
		<StartTestTime>1713531439</StartTestTime>
		<TestList/>
		<EndDateTime>Apr 19 14:57 [NON-UTF-8-BYTE-0x8C]rodkowoeuropejski czas letni</EndDateTime>
		<EndTestTime>1713531439</EndTestTime>
		<ElapsedMinutes>0</ElapsedMinutes>
	</Testing>
</Site>
